======================================================================
LAB 1: TEXT TOKENIZATION EVALUATION
======================================================================

--- Test Simple Tokenizer & Regex Tokenizer (Basic Examples) ---

[S1] Original: 'Hello, world! This is a test.'
SimpleTokenizer: ['hello', ',', 'world', '!', 'this', 'is', 'a', 'test', '.']
RegexTokenizer: ['hello', ',', 'world', '!', 'this', 'is', 'a', 'test', '.']

[S2] Original: 'NLP is fascinating... isn't it?'
SimpleTokenizer: ['nlp', 'is', 'fascinating', '.', '.', '.', "isn't", 'it', '?']
RegexTokenizer: ['nlp', 'is', 'fascinating', '.', '.', '.', 'isn', "'", 't', 'it', '?']

[S3] Original: 'Let's see how it handles 123 numbers and punctuation!'
SimpleTokenizer: ["let's", 'see', 'how', 'it', 'handles', '123', 'numbers', 'and', 'punctuation', '!']
RegexTokenizer: ['let', "'", 's', 'see', 'how', 'it', 'handles', '123', 'numbers', 'and', 'punctuation', '!']

[S4] Original: 'U.S.A. Inc. paid $100.'
SimpleTokenizer: ['u', '.', 's', '.', 'a', '.', 'inc', '.', 'paid', '$100', '.']
RegexTokenizer: ['u', '.', 's', '.', 'a', '.', 'inc', '.', 'paid', '$', '100', '.']

======================================================================
TASK 3: TOKENIZING SAMPLE TEXT FROM UD_ENGLISH-EWT
======================================================================
Original Sample (first 100 chars): 'Al-Zaman : American forces killed Shaikh Abdullah al-Ani, the preacher at the
mosque in the town of ...'
SimpleTokenizer Output (first 20 tokens): ['al-zaman', ':', 'american', 'forces', 'killed', 'shaikh', 'abdullah', 'al-ani', ',', 'the', 'preacher', 'at', 'the', 'mosque', 'in', 'the', 'town', 'of', 'qaim', ',']
RegexTokenizer Output (first 20 tokens): ['al', '-', 'zaman', ':', 'american', 'forces', 'killed', 'shaikh', 'abdullah', 'al', '-', 'ani', ',', 'the', 'preacher', 'at', 'the', 'mosque', 'in', 'the']

======================================================================
LAB 2: COUNT VECTORIZATION EVALUATION
======================================================================

--- Test CountVectorizer (Basic Corpus) ---
Corpus: ['I love NLP.', 'I love programming.', 'NLP is a subfield of AI.']

Learned Vocabulary (Token: Index):
{'.': 0, 'a': 1, 'ai': 2, 'i': 3, 'is': 4, 'love': 5, 'nlp': 6, 'of': 7, 'programming': 8, 'subfield': 9}

Document-Term Matrix (DTM) - Row format:
  [1, 0, 0, 1, 0, 1, 1, 0, 0, 0]
  [1, 0, 0, 1, 0, 1, 0, 0, 1, 0]
  [1, 1, 1, 0, 1, 0, 1, 1, 0, 1]

======================================================================
TASK 4: COUNT VECTORIZATION ON UD_ENGLISH-EWT SAMPLE
======================================================================
Corpus size (Number of Documents): 5
First document sample: 'Al-Zaman : American forces killed Shaikh Abdullah ...'

Learned Vocabulary Size: 722
Sample Vocabulary (first 10 tokens): {'!': 0, '"': 1, "'": 2, '(': 3, ')': 4, ',': 5, '-': 6, '.': 7, '000': 8, '10th': 9}

Document-Term Matrix (DTM) Shape: 5 documents x 722 features

First 3 Document Vectors (DTM):
  [D1] Non-Zero Counts (237 unique tokens): ['!:1', "':2", '(:1', '):1', ',:13', '-:5', '.:21', '1960s:1', '2:1', '3:1', '80:1', '::3', '[:1', ']:1', 'a:8', 'abdullah:1', 'after:1', 'akkab:1', 'al:4', 'ali:1', 'also:2', 'although:1', 'american:1', 'an:3', 'and:6', 'ani:1', 'announced:2', 'announcement:1', 'are:1', 'arvn:1', 'as:1', 'asi:1', 'assassinated:1', 'assistant:1', 'at:4', 'attack:1', 'authorities:1', 'baathist:1', 'baathists:1', 'back:1', 'baghdad:2', 'be:3', 'been:2', 'before:1', 'being:2', 'big:1', 'bombers:1', 'bombing:1', 'bombings:2', 'bombs:1', 'border:1', 'branch:1', 'breaking:1', 'busted:1', 'by:2', 'capital:1', 'car:1', 'causing:1', 'cells:3', 'center:1', 'clan:1', 'cleric:1', 'come:1', 'commander:1', 'continue:1', 'cosmetic:1', 'could:1', 'country:1', 'dean:1', 'declined:1', 'democratic:1', 'detonated:1', 'difference:1', 'discovered:1', 'district:1', 'districts:1', 'don:1', 'dpa:1', 'driver:1', 'dulaim:2', 'edgar:1', 'education:1', 'elder:1', 'employ:1', 'engineer:1', 'equivalent:1', 'fbi:1', 'find:1', 'firm:1', 'for:3', 'forces:1', 'from:1', 'ghazaliyah:1', 'government:1', 'guerrillas:3', 'had:4', 'half:1', 'hamid:1', 'has:1', 'have:1', 'having:1', 'he:1', 'head:1', 'high:1', 'him:1', 'his:4', 'home:1', 'hoover:1', 'hopeful:1', 'husain:1', 'i:1', 'identifying:1', 'if:1', 'in:20', 'interior:1', 'investment:1', 'iraq:2', 'iraqi:2', 'is:3', 'it:1', 'j:1', 'jihad:1', 'jump:1', 'kadhim:1', 'kidnapped:1', 'kidnapping:1', 'kidnappings:1', 'killed:6', 'killing:1', 'kurdistan:1', 'kut:2', 'leaders:1', 'level:1', 'like:1', 'lookout:1', 'made:1', 'main:1', 'manipulating:1', 'market:1', 'me:1', 'member:1', 'members:1', 'ministry:1', 'moi:1', 'mosque:1', 'mosul:2', 'mother:1', 'much:1', 'mustansiriyah:1', 'near:1', 'news:1', 'ninevah:1', 'north:1', 'number:2', 'of:17', 'officers:1', 'officials:1', 'on:3', 'operating:2', 'opposed:1', 'other:2', 'overwhelmingly:1', 'party:1', 'past:1', 'penetrate:1', 'percent:1', 'police:1', 'population:1', 'preacher:1', 'probably:1', 'progress:1', 'province:2', 'qaim:1', 'reminds:1', 'respected:1', 'run:2', 'saboteurs:1', 'salikh:1', 'school:1', 'secretly:1', 'shaikh:2', 'shiite:1', 'show:1', 'side:1', 'so:1', 'south:1', 'southeastern:1', 'surgeon:1', 'suwayrah:1', 'syrian:1', 't:1', 'talal:1', 'targets:1', 'terror:1', 'terrorist:1', 'that:3', 'the:36', 'their:1', 'them:2', 'there:1', 'they:4', 'third:1', 'this:3', 'tikrit:2', 'to:5', 'too:1', 'town:1', 'tribe:1', 'trouble:1', 'turn:1', 'two:3', 'university:1', 'unwittingly:1', 'up:2', 'us:2', 'very:1', 'vietnam:1', 'was:5', 'way:1', 'weathermen:1', 'wednesday:1', 'week:1', 'were:5', 'whereas:1', 'while:1', 'who:2', 'wife:1', 'will:1', 'willingly:1', 'willingness:1', 'with:2', 'wonder:1', 'working:1', 'would:1', 'years:1', 'you:1', 'zaman:2']
  [D2] Non-Zero Counts (231 unique tokens): ["':1", '(:1', '):1', ',:14', '-:3', '.:22', '000:1', '15:2', '1982:1', '2:1', '28:1', '4:2', '51:1', '6:1', '::1', ';:1', 'a:7', 'accused:1', 'activities:1', 'again:1', 'against:1', 'ahmad:1', 'al:3', 'all:1', 'alliance:1', 'an:2', 'and:8', 'arab:2', 'arabs:1', 'arms:1', 'army:2', 'as:1', 'assassination:1', 'at:1', 'attack:1', 'awsat:1', 'baath:3', 'baghdad:1', 'batawi:2', 'been:4', 'before:1', 'begins:1', 'behind:1', 'being:2', 'better:1', 'blocked:1', 'but:1', 'by:2', 'chalabi:3', 'civil:1', 'clan:3', 'clientelage:1', 'commander:1', 'commission:5', 'committed:1', 'congress:1', 'cooperating:1', 'could:1', 'court:1', 'crime:1', 'dead:1', 'debaathification:2', 'dec:2', 'demonstrated:1', 'denied:1', 'deposition:1', 'deputy:1', 'despite:1', 'did:1', 'died:2', 'dominant:1', 'dujail:1', 'dulaim:1', 'duty:1', 'easily:1', 'elder:1', 'elections:2', 'electoral:2', 'elements:1', 'exclude:1', 'excluded:1', 'exclusion:1', 'eyewitness:1', 'for:4', 'friday:2', 'from:4', 'garrison:1', 'get:1', 'going:1', 'government:1', 'grounds:2', 'guerrillas:3', 'gunmen:1', 'had:3', 'hard:1', 'has:2', 'have:6', 'having:1', 'hawijah:2', 'he:4', 'high:1', 'highly:1', 'his:4', 'however:1', 'humanity:1', 'hundred:1', 'hussein:1', 'if:3', 'in:10', 'including:1', 'increasingly:1', 'individuals:1', 'into:1', 'involved:1', 'iraq:2', 'iraqi:5', 'iraqis:1', 'is:7', 'it:3', 'item:1', 'jubur:1', 'junior:1', 'kadhim:1', 'key:1', 'killing:1', 'largely:1', 'launched:1', 'leaders:1', 'left:1', 'legal:1', 'likely:1', 'list:1', 'lists:1', 'longer:1', 'managed:1', 'many:2', 'marginalized:1', 'massacre:1', 'members:1', 'membership:1', 'mere:1', 'missed:1', 'months:1', 'more:1', 'my:1', 'national:1', 'near:1', 'new:1', 'no:2', 'not:1', 'nov:1', 'now:1', 'observers:1', 'of:14', 'office:1', 'officers:1', 'old:1', 'on:4', 'one:2', 'only:1', 'or:1', 'other:1', 'parliament:1', 'party:2', 'past:1', 'people:1', 'person:1', 'prosecute:1', 'protesting:1', 'punish:1', 'punishing:1', 'pushed:2', 'recalled:1', 'recent:1', 'refusing:1', 'reports:1', 'request:1', 'rights:1', 'running:1', 'saddam:1', 'said:1', 'same:1', 'sarhid:1', 'seats:1', 'shaikh:1', 'sharq:1', 'she:1', 'shiite:2', 'should:1', 'significant:1', 'situation:1', 'small:1', 'soldiers:1', 'some:2', 'someone:1', 'something:1', 'sons:1', 'such:1', 'sufficiently:1', 'sunni:4', 't:1', 'take:1', 'team:1', 'tehran:1', 'that:2', 'the:28', 'their:2', 'them:1', 'then:1', 'they:1', 'this:3', 'ties:1', 'to:6', 'trial:2', 'tribe:1', 'two:1', 'uniforms:1', 'united:1', 'very:1', 'view:1', 'warrant:1', 'was:2', 'washington:1', 'way:1', 'wearing:1', 'with:2', 'within:1', 'won:1', 'work:1', 'would:1', 'zaman:1']
  [D3] Non-Zero Counts (333 unique tokens): ['":8', "':25", '(:2', '):2', ',:32', '-:9', '.:21', '10th:1', '300:1', '47:1', '500:1', '9th:1', '?:2', 'a:3', 'abandoned:1', 'about:3', 'abu:1', 'adhamiya:1', 'again:2', 'against:5', 'ago:1', 'ahmed:1', 'air:1', 'ak:1', 'al:7', 'all:3', 'alone:1', 'already:2', 'also:1', 'although:1', 'ambulances:1', 'american:4', 'americans:1', 'among:1', 'an:1', 'and:29', 'another:2', 'any:1', 'anything:2', 'apprehensive:1', 'april:2', 'arab:1', 'are:14', 'area:1', 'areas:1', 'armed:1', 'as:1', 'at:3', 'athists:1', 'ba:1', 'baghdad:2', 'baghdadis:1', 'banks:1', 'be:4', 'become:1', 'been:3', 'between:1', 'blocks:2', 'blood:1', 'bloody:1', 'bodies:1', 'bolder:1', 'bomb:1', 'bombs:1', 'brave:1', 'brigades:1', 'brother:2', 'but:1', 'by:2', 'called:1', 'calling:1', 'can:2', 'casualties:1', 'chance:1', 'children:1', 'circling:1', 'city:1', 'civilians:3', 'clerics:2', 'cluster:1', 'come:1', 'continues:1', 'controlling:1', 'convoys:1', 'course:1', 'cousin:2', 'curfew:1', 'days:4', 'dead:2', 'define:1', 'describing:2', 'did:1', 'didn:1', 'distinguish:1', 'do:2', 'doesn:1', 'don:2', 'donating:1', 'dream:1', 'during:1', 'dwellers:1', 'each:1', 'enemy:3', 'enormous:1', 'error:1', 'even:1', 'ever:1', 'everyone:1', 'exact:1', 'except:1', 'expect:1', 'fallujah:4', 'fallujan:2', 'false:1', 'fedayeen:2', 'few:2', 'fight:1', 'fighting:1', 'firing:1', 'first:1', 'food:1', 'for:7', 'friend:1', 'from:5', 'get:4', 'glad:1', 'go:1', 'going:3', 'golan:1', 'gone:1', 'governmental:1', 'group:1', 'guess:1', 'hafs:1', 'happened:1', 'has:2', 'have:8', 'haven:1', 'hay:1', 'he:4', 'headed:1', 'heads:1', 'hear:1', 'helicopter:1', 'helicopters:1', 'hide:1', 'him:1', 'himself:1', 'hourly:1', 'houses:1', 'how:1', 'i:2', 'ibn:1', 'icdc:2', 'if:1', 'implemented:1', 'in:9', 'indicates:1', 'indiscriminately:1', 'inside:1', 'insurgents:2', 'ip:1', 'iraqis:1', 'iraqiyah:1', 'irritates:1', 'is:10', 'it:4', 'ite:1', 'jazeera:3', 'joking:1', 'just:2', 'khattab:1', 'kinds:1', 'know:2', 'land:1', 'last:4', 'later:1', 'leave:1', 'like:1', 'living:1', 'loot:1', 'looting:1', 'make:1', 'mansour:1', 'marines:2', 'me:5', 'medicine:1', 'mentioned:1', 'might:2', 'militants:1', 'more:1', 'mortars:2', 'mosques:2', 'most:2', 'mostly:1', 'much:1', 'mutilating:1', 'my:9', 'neighbourhood:3', 'neighbourhoods:1', 'never:1', 'new:2', 'news:1', 'night:1', 'non:1', 'normal:2', 'nothing:1', 'now:2', 'of:11', 'okay:1', 'old:1', 'on:5', 'once:1', 'one:1', 'only:2', 'open:1', 'or:2', 'others:1', 'our:3', 'out:4', 'over:3', 'overheard:1', 'people:3', 'place:1', 'positions:1', 'pray:1', 'pregnant:1', 'preparations:1', 'propaganda:1', 'property:1', 'public:1', 'putting:1', 'ramadi:1', 'really:1', 'rely:1', 'reminding:1', 'reported:1', 'reporter:1', 'rest:1', 'returned:1', 'road:2', 'roofs:1', 'rumours:1', 's:2', 'saddamites:1', 'sadr:1', 'sahhaf:1', 'said:1', 'same:2', 'saying:1', 'scared:1', 'seems:1', 'sent:1', 'setting:2', 'several:2', 'shi:1', 'shia:1', 'shooting:3', 'similar:1', 'slum:1', 'snipers:1', 'so:2', 'soldiers:2', 'solidarity:1', 'some:1', 'someone:1', 'speaking:1', 'spouting:1', 'spree:1', 'start:1', 'still:1', 'stop:1', 'street:2', 'stuck:1', 'sudden:1', 'suggesting:1', 'sunni:1', 'surrounded:1', 'sweared:1', 't:5', 'talk:2', 'tank:1', 'targetting:1', 'tens:1', 'terrorists:1', 'than:1', 'that:10', 'the:29', 'their:3', 'them:4', 'then:1', 'there:6', 'they:11', 'thing:1', 'things:1', 'this:2', 'those:1', 'though:1', 'three:1', 'throats:1', 'time:2', 'to:11', 'took:1', 'top:1', 'town:1', 'trained:1', 'troops:1', 'tv:1', 'unforgivable:1', 'up:1', 'using:1', 'valiant:1', 'venture:1', 'visible:1', 'wahhabis:1', 'war:1', 'was:1', 'we:6', 'were:6', 'what:3', 'when:3', 'where:1', 'which:1', 'who:2', 'will:1', 'women:1', 'work:1', 'would:1', 'wounded:1', 'year:1', 'yesterday:1', 'you:4', 'youngsters:1']

Logs saved to: log\run_20250930_223257.log
Results saved in: results/
